[NX Daemon Server] - 2025-11-18T16:56:15.411Z - Started listening on: \\.\pipe\nx\C:\Users\munozm02\AppData\Local\Temp\64b04d4430c654a7c701\d.sock
[NX Daemon Server] - 2025-11-18T16:56:15.426Z - Established a connection. Number of open connections: 1
[NX Daemon Server] - 2025-11-18T16:56:15.428Z - Established a connection. Number of open connections: 2
[NX Daemon Server] - 2025-11-18T16:56:15.430Z - Closed a connection. Number of open connections: 1
[NX Daemon Server] - 2025-11-18T16:56:15.430Z - [WATCHER]: Subscribed to changes within: C:\Dev\backup-nextgeneration
[NX Daemon Server] - 2025-11-18T16:56:15.436Z - [REQUEST]: Client Request for Project Graph Received
[NX Daemon Server] - 2025-11-18T16:56:15.666Z - [REQUEST]: Updated file-hasher based on watched changes, recomputing project graph...
[NX Daemon Server] - 2025-11-18T16:56:15.774Z - Time taken for 'hash changed files from watcher' 0.2400000000000091ms
[NX Daemon Server] - 2025-11-18T16:56:16.294Z - [REQUEST]: Responding to the client. project-graph
[NX Daemon Server] - 2025-11-18T16:56:16.298Z - Time taken for 'total for creating and serializing project graph' 858.0107ms
[NX Daemon Server] - 2025-11-18T16:56:16.298Z - Done responding to the client project-graph
[NX Daemon Server] - 2025-11-18T16:56:19.616Z - [REQUEST]: Responding to the client. recordOutputsHash
[NX Daemon Server] - 2025-11-18T16:56:19.617Z - Done responding to the client recordOutputsHash
[NX Daemon Server] - 2025-11-18T16:56:19.631Z - Closed a connection. Number of open connections: 0
[NX Daemon Server] - 2025-11-18T16:56:20.074Z - Established a connection. Number of open connections: 1
[NX Daemon Server] - 2025-11-18T16:56:20.074Z - Closed a connection. Number of open connections: 0
[NX Daemon Server] - 2025-11-18T16:56:20.074Z - Established a connection. Number of open connections: 1
[NX Daemon Server] - 2025-11-18T16:56:20.079Z - [REQUEST]: Client Request for Project Graph Received
[NX Daemon Server] - 2025-11-18T16:56:20.079Z - [REQUEST]: Responding to the client. project-graph
[NX Daemon Server] - 2025-11-18T16:56:20.080Z - Time taken for 'total for creating and serializing project graph' 0.347700000000259ms
[NX Daemon Server] - 2025-11-18T16:56:20.081Z - Done responding to the client project-graph
[NX Daemon Server] - 2025-11-18T16:56:20.998Z - Established a connection. Number of open connections: 2
[NX Daemon Server] - 2025-11-18T16:56:20.998Z - Closed a connection. Number of open connections: 1
[NX Daemon Server] - 2025-11-18T16:56:20.998Z - Established a connection. Number of open connections: 2
[NX Daemon Server] - 2025-11-18T16:56:21.003Z - [REQUEST]: Client Request for Project Graph Received
[NX Daemon Server] - 2025-11-18T16:56:21.004Z - [REQUEST]: Responding to the client. project-graph
[NX Daemon Server] - 2025-11-18T16:56:21.005Z - Time taken for 'total for creating and serializing project graph' 0.2872000000006665ms
[NX Daemon Server] - 2025-11-18T16:56:21.006Z - Done responding to the client project-graph
[NX Daemon Server] - 2025-11-18T21:00:53.820Z - There are 2 open connections. Reset inactivity timer.
[NX Daemon Server] - 2025-11-19T08:28:49.120Z - There are 2 open connections. Reset inactivity timer.
[NX Daemon Server] - 2025-11-19T11:28:49.140Z - There are 2 open connections. Reset inactivity timer.
[NX Daemon Server] - 2025-11-19T14:28:40.369Z - There are 2 open connections. Reset inactivity timer.
[NX Daemon Server] - 2025-11-19T17:22:25.278Z - [WATCHER]: 0 file(s) created or restored, 0 file(s) modified, 895 file(s) deleted
[NX Daemon Server] - 2025-11-19T17:22:25.445Z - [REQUEST]: Updated file-hasher based on watched changes, recomputing project graph...
[NX Daemon Server] - 2025-11-19T17:22:25.542Z - Time taken for 'hash changed files from watcher' 0.684799998998642ms
[NX Daemon Server] - 2025-11-19T17:22:25.700Z - [WATCHER]: Unsubscribed from changes within: C:\Dev\backup-nextgeneration (sources)
[NX Daemon Server] - 2025-11-19T17:22:25.700Z - [WATCHER]: Unsubscribed from changes within: C:\Dev\backup-nextgeneration (sources)
[NX Daemon Server] - 2025-11-19T17:22:25.700Z - [WATCHER]: Unsubscribed from changes within: C:\Dev\backup-nextgeneration (outputs)
[NX Daemon Server] - 2025-11-19T17:22:25.707Z - [WATCHER]: Unsubscribed from changes within: C:\Dev\backup-nextgeneration (outputs)
[NX Daemon Server] - 2025-11-19T17:22:26.803Z - [WATCHER]: Unsubscribed from changes within: C:\Dev\backup-nextgeneration (server-process.json)
[NX Daemon Server] - 2025-11-19T17:22:26.804Z - Server stopped because: "Lock file changed"
